<?xml version="1.0" encoding="UTF-8"?>
<!-- Generated by org.testng.reporters.JUnitXMLReporter -->
<testsuite ignored="0" hostname="DESKTOP-8104O1D" failures="0" tests="3" name="Default test" time="107.091" errors="0" timestamp="2022-06-12T23:57:37 ART">
  <testcase classname="com.selenium.test.DespegarTests33" name="Despegar" time="11.281"/>
  <testcase classname="com.selenium.test.DespegarTests33" name="Despegar" time="9.84"/>
  <testcase classname="com.selenium.test.DespegarTests33" name="Despegar" time="11.675"/>
</testsuite> <!-- Default test -->
