<?xml version="1.0" encoding="UTF-8"?>
<testng-results ignored="0" total="1" passed="1" failed="0" skipped="0">
  <reporter-output>
  </reporter-output>
  <suite started-at="2022-06-02T22:48:38 ART" name="Default suite" finished-at="2022-06-02T22:49:36 ART" duration-ms="57725">
    <groups>
    </groups>
    <test started-at="2022-06-02T22:48:38 ART" name="Default test" finished-at="2022-06-02T22:49:36 ART" duration-ms="57725">
      <class name="DespegarTests3">
        <test-method signature="ValidarBusquedaWikipedia()[pri:0, instance:DespegarTests3@68ace111]" started-at="2022-06-02T22:48:38 ART" name="ValidarBusquedaWikipedia" description="TareaDos" finished-at="2022-06-02T22:49:36 ART" duration-ms="57576" status="PASS">
          <reporter-output>
          </reporter-output>
        </test-method> <!-- ValidarBusquedaWikipedia -->
      </class> <!-- DespegarTests3 -->
    </test> <!-- Default test -->
  </suite> <!-- Default suite -->
</testng-results>
