<?xml version="1.0" encoding="UTF-8"?>
<testng-results ignored="0" total="1" passed="1" failed="0" skipped="0">
  <reporter-output>
    <line>
      <![CDATA[Abro Browser]]>
    </line>
  </reporter-output>
  <suite started-at="2022-06-04T21:09:08 ART" name="Default suite" finished-at="2022-06-04T21:09:21 ART" duration-ms="12580">
    <groups>
    </groups>
    <test started-at="2022-06-04T21:09:08 ART" name="Default test" finished-at="2022-06-04T21:09:21 ART" duration-ms="12580">
      <class name="WikiTests1">
        <test-method signature="ValidarBusquedaWikipedia()[pri:0, instance:WikiTests1@344b8190]" started-at="2022-06-04T21:09:09 ART" name="ValidarBusquedaWikipedia" description="Validar que las busquedas en Wikipedia funcionan" finished-at="2022-06-04T21:09:21 ART" duration-ms="12435" status="PASS">
          <reporter-output>
            <line>
              <![CDATA[Abro Browser]]>
            </line>
          </reporter-output>
        </test-method> <!-- ValidarBusquedaWikipedia -->
      </class> <!-- WikiTests1 -->
    </test> <!-- Default test -->
  </suite> <!-- Default suite -->
</testng-results>
